<?xml version="1.0" encoding="UTF-8"?>
<testng-results ignored="0" total="3" passed="3" failed="0" skipped="0">
  <reporter-output>
  </reporter-output>
  <suite started-at="2020-10-16T00:06:35Z" name="RegressionAutomatedQA" finished-at="2020-10-16T00:06:58Z" duration-ms="22980">
    <groups>
    </groups>
    <test started-at="2020-10-16T00:06:35Z" name="TC_02_IncorrectLogin" finished-at="2020-10-16T00:06:58Z" duration-ms="22980">
      <class name="loginTests.TC_02_IncorrectLogin">
        <test-method is-config="true" signature="startWebDriver()[pri:0, instance:loginTests.TC_02_IncorrectLogin@784b990c]" started-at="2020-10-15T19:06:35Z" name="startWebDriver" finished-at="2020-10-15T19:06:45Z" duration-ms="10722" status="PASS">
          <reporter-output>
          </reporter-output>
        </test-method> <!-- startWebDriver -->
        <test-method signature="TC_02()[pri:0, instance:loginTests.TC_02_IncorrectLogin@784b990c]" started-at="2020-10-15T19:06:45Z" name="TC_02" finished-at="2020-10-15T19:06:51Z" duration-ms="5441" status="PASS">
          <reporter-output>
          </reporter-output>
        </test-method> <!-- TC_02 -->
        <test-method is-config="true" signature="closeDriver()[pri:0, instance:loginTests.TC_02_IncorrectLogin@784b990c]" started-at="2020-10-15T19:06:51Z" name="closeDriver" finished-at="2020-10-15T19:06:58Z" duration-ms="6740" status="PASS">
          <reporter-output>
          </reporter-output>
        </test-method> <!-- closeDriver -->
      </class> <!-- loginTests.TC_02_IncorrectLogin -->
    </test> <!-- TC_02_IncorrectLogin -->
    <test started-at="2020-10-16T00:06:35Z" name="TC_03_Logout" finished-at="2020-10-16T00:06:57Z" duration-ms="22819">
      <class name="loginTests.TC_03_Logout">
        <test-method is-config="true" signature="startWebDriver()[pri:0, instance:loginTests.TC_03_Logout@531c311e]" started-at="2020-10-15T19:06:35Z" name="startWebDriver" finished-at="2020-10-15T19:06:45Z" duration-ms="10707" status="PASS">
          <reporter-output>
          </reporter-output>
        </test-method> <!-- startWebDriver -->
        <test-method signature="TC_03()[pri:0, instance:loginTests.TC_03_Logout@531c311e]" started-at="2020-10-15T19:06:45Z" name="TC_03" finished-at="2020-10-15T19:06:56Z" duration-ms="10811" status="PASS">
          <reporter-output>
          </reporter-output>
        </test-method> <!-- TC_03 -->
        <test-method is-config="true" signature="closeDriver()[pri:0, instance:loginTests.TC_03_Logout@531c311e]" started-at="2020-10-15T19:06:56Z" name="closeDriver" finished-at="2020-10-15T19:06:57Z" duration-ms="1210" status="PASS">
          <reporter-output>
          </reporter-output>
        </test-method> <!-- closeDriver -->
      </class> <!-- loginTests.TC_03_Logout -->
    </test> <!-- TC_03_Logout -->
    <test started-at="2020-10-16T00:06:35Z" name="TC_01_CorrecLogin" finished-at="2020-10-16T00:06:57Z" duration-ms="22612">
      <class name="loginTests.TC_01_CorrecLogin">
        <test-method is-config="true" signature="startWebDriver()[pri:0, instance:loginTests.TC_01_CorrecLogin@6622fc65]" started-at="2020-10-15T19:06:35Z" name="startWebDriver" finished-at="2020-10-15T19:06:45Z" duration-ms="10657" status="PASS">
          <reporter-output>
          </reporter-output>
        </test-method> <!-- startWebDriver -->
        <test-method signature="TC_01()[pri:0, instance:loginTests.TC_01_CorrecLogin@6622fc65]" started-at="2020-10-15T19:06:45Z" name="TC_01" finished-at="2020-10-15T19:06:55Z" duration-ms="9270" status="PASS">
          <reporter-output>
          </reporter-output>
        </test-method> <!-- TC_01 -->
        <test-method is-config="true" signature="closeDriver()[pri:0, instance:loginTests.TC_01_CorrecLogin@6622fc65]" started-at="2020-10-15T19:06:55Z" name="closeDriver" finished-at="2020-10-15T19:06:57Z" duration-ms="2545" status="PASS">
          <reporter-output>
          </reporter-output>
        </test-method> <!-- closeDriver -->
      </class> <!-- loginTests.TC_01_CorrecLogin -->
    </test> <!-- TC_01_CorrecLogin -->
  </suite> <!-- RegressionAutomatedQA -->
</testng-results>
